<?xml version="1.0" encoding="UTF-8"?>
<testng-results skipped="0" failed="0" ignored="0" total="1" passed="1">
  <reporter-output>
  </reporter-output>
  <suite name="Default suite" duration-ms="23142" started-at="2018-05-17T09:49:49Z" finished-at="2018-05-17T09:50:12Z">
    <groups>
    </groups>
    <test name="Default test" duration-ms="23142" started-at="2018-05-17T09:49:49Z" finished-at="2018-05-17T09:50:12Z">
      <class name="test.Test1">
        <test-method status="PASS" signature="testcase1()[pri:0, instance:test.Test1@1c7cbad]" name="testcase1" duration-ms="23106" started-at="2018-05-17T15:19:49Z" finished-at="2018-05-17T15:20:12Z">
          <reporter-output>
          </reporter-output>
        </test-method> <!-- testcase1 -->
      </class> <!-- test.Test1 -->
    </test> <!-- Default test -->
  </suite> <!-- Default suite -->
</testng-results>
