<?xml version="1.0" encoding="UTF-8"?>
<testng-results skipped="0" failed="0" ignored="0" total="1" passed="1">
  <reporter-output>
  </reporter-output>
  <suite name="Default suite" duration-ms="22272" started-at="2018-05-15T16:31:22Z" finished-at="2018-05-15T16:31:45Z">
    <groups>
    </groups>
    <test name="Default test" duration-ms="22272" started-at="2018-05-15T16:31:22Z" finished-at="2018-05-15T16:31:45Z">
      <class name="script.Test2">
        <test-method status="PASS" signature="test()[pri:0, instance:script.Test2@1c7cbad]" name="test" duration-ms="22243" started-at="2018-05-15T22:01:22Z" finished-at="2018-05-15T22:01:45Z">
          <reporter-output>
          </reporter-output>
        </test-method> <!-- test -->
      </class> <!-- script.Test2 -->
    </test> <!-- Default test -->
  </suite> <!-- Default suite -->
</testng-results>
